[     108ms] [WARNING] ElementPlusError: [el-radio] [API] label act as value is about to be deprecated in version 3.0.0, please use value instead.
For more detail, please visit: https://element-plus.org/en-US/component/radio.html

    at debugWarn (http://localhost:5173/node_modules/.vite/deps/element-plus.js?v=481a495d:4760:35)
    at watch.immediate (http://localhost:5173/node_modules/.vite/deps/element-plus.js?v=481a495d:5851:12)
    at callWithErrorHandling (http://localhost:5173/node_modules/.vite/deps/vue.runtime.esm-bundler-BN4TKXIE.js?v=12a5d790:1888:17)
    at callWithAsyncErrorHandling (http://localhost:5173/node_modules/.vite/deps/vue.runtime.esm-bundler-BN4TKXIE.js?v=12a5d790:1895:15)
    at baseWatchOptions.call (http://localhost:5173/node_modules/.vite/deps/vue.runtime.esm-bundler-BN4TKXIE.js?v=12a5d790:2387:46)
    at job (http://localhost:5173/node_modules/.vite/deps/vue.runtime.esm-bundler-BN4TKXIE.js?v=12a5d790:1669:13)
    at watch$1 (http://localhost:5173/node_modules/.vite/deps/vue.runtime.esm-bundler-BN4TKXIE.js?v=12a5d790:1690:25)
    at doWatch (http://localhost:5173/node_modules/.vite/deps/vue.runtime.esm-bundler-BN4TKXIE.js?v=12a5d790:2409:22)
    at watch (http://localhost:5173/node_modules/.vite/deps/vue.runtime.esm-bundler-BN4TKXIE.js?v=12a5d790:2361:9)
    at useDeprecated (http://localhost:5173/node_modules/.vite/deps/element-plus.js?v=481a495d:5850:2) @ http://localhost:5173/@vite/client:524
[     109ms] [WARNING] ElementPlusError: [el-radio] [API] label act as value is about to be deprecated in version 3.0.0, please use value instead.
For more detail, please visit: https://element-plus.org/en-US/component/radio.html

    at debugWarn (http://localhost:5173/node_modules/.vite/deps/element-plus.js?v=481a495d:4760:35)
    at watch.immediate (http://localhost:5173/node_modules/.vite/deps/element-plus.js?v=481a495d:5851:12)
    at callWithErrorHandling (http://localhost:5173/node_modules/.vite/deps/vue.runtime.esm-bundler-BN4TKXIE.js?v=12a5d790:1888:17)
    at callWithAsyncErrorHandling (http://localhost:5173/node_modules/.vite/deps/vue.runtime.esm-bundler-BN4TKXIE.js?v=12a5d790:1895:15)
    at baseWatchOptions.call (http://localhost:5173/node_modules/.vite/deps/vue.runtime.esm-bundler-BN4TKXIE.js?v=12a5d790:2387:46)
    at job (http://localhost:5173/node_modules/.vite/deps/vue.runtime.esm-bundler-BN4TKXIE.js?v=12a5d790:1669:13)
    at watch$1 (http://localhost:5173/node_modules/.vite/deps/vue.runtime.esm-bundler-BN4TKXIE.js?v=12a5d790:1690:25)
    at doWatch (http://localhost:5173/node_modules/.vite/deps/vue.runtime.esm-bundler-BN4TKXIE.js?v=12a5d790:2409:22)
    at watch (http://localhost:5173/node_modules/.vite/deps/vue.runtime.esm-bundler-BN4TKXIE.js?v=12a5d790:2361:9)
    at useDeprecated (http://localhost:5173/node_modules/.vite/deps/element-plus.js?v=481a495d:5850:2) @ http://localhost:5173/@vite/client:524
[  532266ms] [ERROR] Access to XMLHttpRequest at 'http://127.0.0.1:8000/api/v1/experiments' from origin 'http://localhost:5173' has been blocked by CORS policy: No 'Access-Control-Allow-Origin' header is present on the requested resource. @ http://localhost:5173/experiments:0
[  532270ms] [ERROR] Failed to load resource: net::ERR_FAILED @ http://127.0.0.1:8000/api/v1/experiments:0
[ 3161203ms] [WARNING] ElementPlusError: [el-radio] [API] label act as value is about to be deprecated in version 3.0.0, please use value instead.
For more detail, please visit: https://element-plus.org/en-US/component/radio.html

    at debugWarn (http://localhost:5173/node_modules/.vite/deps/element-plus.js?v=481a495d:4760:35)
    at watch.immediate (http://localhost:5173/node_modules/.vite/deps/element-plus.js?v=481a495d:5851:12)
    at callWithErrorHandling (http://localhost:5173/node_modules/.vite/deps/vue.runtime.esm-bundler-BN4TKXIE.js?v=12a5d790:1888:17)
    at callWithAsyncErrorHandling (http://localhost:5173/node_modules/.vite/deps/vue.runtime.esm-bundler-BN4TKXIE.js?v=12a5d790:1895:15)
    at baseWatchOptions.call (http://localhost:5173/node_modules/.vite/deps/vue.runtime.esm-bundler-BN4TKXIE.js?v=12a5d790:2387:46)
    at job (http://localhost:5173/node_modules/.vite/deps/vue.runtime.esm-bundler-BN4TKXIE.js?v=12a5d790:1669:13)
    at watch$1 (http://localhost:5173/node_modules/.vite/deps/vue.runtime.esm-bundler-BN4TKXIE.js?v=12a5d790:1690:25)
    at doWatch (http://localhost:5173/node_modules/.vite/deps/vue.runtime.esm-bundler-BN4TKXIE.js?v=12a5d790:2409:22)
    at watch (http://localhost:5173/node_modules/.vite/deps/vue.runtime.esm-bundler-BN4TKXIE.js?v=12a5d790:2361:9)
    at useDeprecated (http://localhost:5173/node_modules/.vite/deps/element-plus.js?v=481a495d:5850:2) @ http://localhost:5173/@vite/client:524
[ 3161203ms] [WARNING] ElementPlusError: [el-radio] [API] label act as value is about to be deprecated in version 3.0.0, please use value instead.
For more detail, please visit: https://element-plus.org/en-US/component/radio.html

    at debugWarn (http://localhost:5173/node_modules/.vite/deps/element-plus.js?v=481a495d:4760:35)
    at watch.immediate (http://localhost:5173/node_modules/.vite/deps/element-plus.js?v=481a495d:5851:12)
    at callWithErrorHandling (http://localhost:5173/node_modules/.vite/deps/vue.runtime.esm-bundler-BN4TKXIE.js?v=12a5d790:1888:17)
    at callWithAsyncErrorHandling (http://localhost:5173/node_modules/.vite/deps/vue.runtime.esm-bundler-BN4TKXIE.js?v=12a5d790:1895:15)
    at baseWatchOptions.call (http://localhost:5173/node_modules/.vite/deps/vue.runtime.esm-bundler-BN4TKXIE.js?v=12a5d790:2387:46)
    at job (http://localhost:5173/node_modules/.vite/deps/vue.runtime.esm-bundler-BN4TKXIE.js?v=12a5d790:1669:13)
    at watch$1 (http://localhost:5173/node_modules/.vite/deps/vue.runtime.esm-bundler-BN4TKXIE.js?v=12a5d790:1690:25)
    at doWatch (http://localhost:5173/node_modules/.vite/deps/vue.runtime.esm-bundler-BN4TKXIE.js?v=12a5d790:2409:22)
    at watch (http://localhost:5173/node_modules/.vite/deps/vue.runtime.esm-bundler-BN4TKXIE.js?v=12a5d790:2361:9)
    at useDeprecated (http://localhost:5173/node_modules/.vite/deps/element-plus.js?v=481a495d:5850:2) @ http://localhost:5173/@vite/client:524
